2024-06-12 18:32:25	SERVER -> CLIENT: 220 smtp.gmail.com ESMTP a640c23a62f3a-a6c8072a68asm920348166b.207 - gsmtp

2024-06-12 18:32:25	CLIENT -> SERVER: EHLO 127.0.0.1

2024-06-12 18:32:25	SERVER -> CLIENT: 250-smtp.gmail.com at your service, [185.177.124.214]
250-SIZE 35882577
250-8BITMIME
250-AUTH LOGIN PLAIN XOAUTH2 PLAIN-CLIENTTOKEN OAUTHBEARER XOAUTH
250-ENHANCEDSTATUSCODES
250-PIPELINING
250-CHUNKING
250 SMTPUTF8

2024-06-12 18:32:25	CLIENT -> SERVER: AUTH LOGIN

2024-06-12 18:32:25	SERVER -> CLIENT: 334 VXNlcm5hbWU6

2024-06-12 18:32:25	CLIENT -> SERVER: [credentials hidden]
2024-06-12 18:32:25	SERVER -> CLIENT: 334 UGFzc3dvcmQ6

2024-06-12 18:32:25	CLIENT -> SERVER: [credentials hidden]
2024-06-12 18:32:26	SERVER -> CLIENT: 535-5.7.8 Username and Password not accepted. For more information, go to
535 5.7.8  https://support.google.com/mail/?p=BadCredentials a640c23a62f3a-a6c8072a68asm920348166b.207 - gsmtp

2024-06-12 18:32:26	SMTP ERROR: Password command failed: 535-5.7.8 Username and Password not accepted. For more information, go to
535 5.7.8  https://support.google.com/mail/?p=BadCredentials a640c23a62f3a-a6c8072a68asm920348166b.207 - gsmtp

2024-06-12 18:32:26	SMTP Error: Could not authenticate.
2024-06-12 18:32:26	CLIENT -> SERVER: QUIT

2024-06-12 18:32:26	SERVER -> CLIENT: 221 2.0.0 closing connection a640c23a62f3a-a6c8072a68asm920348166b.207 - gsmtp

2024-06-12 18:32:26	SMTP Error: Could not authenticate.
2024-06-12 18:55:45	SERVER -> CLIENT: 220 smtp.gmail.com ESMTP 4fb4d7f45d1cf-57c867a6c6dsm5075729a12.32 - gsmtp

2024-06-12 18:55:45	CLIENT -> SERVER: EHLO 127.0.0.1

2024-06-12 18:55:45	SERVER -> CLIENT: 250-smtp.gmail.com at your service, [185.177.124.214]
250-SIZE 35882577
250-8BITMIME
250-AUTH LOGIN PLAIN XOAUTH2 PLAIN-CLIENTTOKEN OAUTHBEARER XOAUTH
250-ENHANCEDSTATUSCODES
250-PIPELINING
250-CHUNKING
250 SMTPUTF8

2024-06-12 18:55:45	CLIENT -> SERVER: AUTH LOGIN

2024-06-12 18:55:45	SERVER -> CLIENT: 334 VXNlcm5hbWU6

2024-06-12 18:55:45	CLIENT -> SERVER: [credentials hidden]
2024-06-12 18:55:45	SERVER -> CLIENT: 334 UGFzc3dvcmQ6

2024-06-12 18:55:45	CLIENT -> SERVER: [credentials hidden]
2024-06-12 18:55:45	SERVER -> CLIENT: 535-5.7.8 Username and Password not accepted. For more information, go to
535 5.7.8  https://support.google.com/mail/?p=BadCredentials 4fb4d7f45d1cf-57c867a6c6dsm5075729a12.32 - gsmtp

2024-06-12 18:55:46	SMTP ERROR: Password command failed: 535-5.7.8 Username and Password not accepted. For more information, go to
535 5.7.8  https://support.google.com/mail/?p=BadCredentials 4fb4d7f45d1cf-57c867a6c6dsm5075729a12.32 - gsmtp

2024-06-12 18:55:46	SMTP Error: Could not authenticate.
2024-06-12 18:55:46	CLIENT -> SERVER: QUIT

2024-06-12 18:55:46	SERVER -> CLIENT: 221 2.0.0 closing connection 4fb4d7f45d1cf-57c867a6c6dsm5075729a12.32 - gsmtp

2024-06-12 18:55:46	SMTP Error: Could not authenticate.
2024-06-12 19:04:32	SERVER -> CLIENT: 220 smtp.gmail.com ESMTP a640c23a62f3a-a6f019f600csm616038666b.45 - gsmtp

2024-06-12 19:04:32	CLIENT -> SERVER: EHLO 127.0.0.1

2024-06-12 19:04:32	SERVER -> CLIENT: 250-smtp.gmail.com at your service, [138.199.7.236]
250-SIZE 35882577
250-8BITMIME
250-AUTH LOGIN PLAIN XOAUTH2 PLAIN-CLIENTTOKEN OAUTHBEARER XOAUTH
250-ENHANCEDSTATUSCODES
250-PIPELINING
250-CHUNKING
250 SMTPUTF8

2024-06-12 19:04:32	CLIENT -> SERVER: AUTH LOGIN

2024-06-12 19:04:33	SERVER -> CLIENT: 334 VXNlcm5hbWU6

2024-06-12 19:04:33	CLIENT -> SERVER: [credentials hidden]
2024-06-12 19:04:33	SERVER -> CLIENT: 334 UGFzc3dvcmQ6

2024-06-12 19:04:33	CLIENT -> SERVER: [credentials hidden]
2024-06-12 19:04:33	SERVER -> CLIENT: 535-5.7.8 Username and Password not accepted. For more information, go to
535 5.7.8  https://support.google.com/mail/?p=BadCredentials a640c23a62f3a-a6f019f600csm616038666b.45 - gsmtp

2024-06-12 19:04:33	SMTP ERROR: Password command failed: 535-5.7.8 Username and Password not accepted. For more information, go to
535 5.7.8  https://support.google.com/mail/?p=BadCredentials a640c23a62f3a-a6f019f600csm616038666b.45 - gsmtp

2024-06-12 19:04:33	SMTP Error: Could not authenticate.
2024-06-12 19:04:33	CLIENT -> SERVER: QUIT

2024-06-12 19:04:33	SERVER -> CLIENT: 221 2.0.0 closing connection a640c23a62f3a-a6f019f600csm616038666b.45 - gsmtp

2024-06-12 19:04:33	SMTP Error: Could not authenticate.
2024-06-12 19:20:59	SERVER -> CLIENT: 220 smtp.gmail.com ESMTP a640c23a62f3a-a6c8072a68asm924233166b.207 - gsmtp

2024-06-12 19:20:59	CLIENT -> SERVER: EHLO 127.0.0.1

2024-06-12 19:20:59	SERVER -> CLIENT: 250-smtp.gmail.com at your service, [138.199.7.237]
250-SIZE 35882577
250-8BITMIME
250-AUTH LOGIN PLAIN XOAUTH2 PLAIN-CLIENTTOKEN OAUTHBEARER XOAUTH
250-ENHANCEDSTATUSCODES
250-PIPELINING
250-CHUNKING
250 SMTPUTF8

2024-06-12 19:20:59	CLIENT -> SERVER: AUTH LOGIN

2024-06-12 19:20:59	SERVER -> CLIENT: 334 VXNlcm5hbWU6

2024-06-12 19:20:59	CLIENT -> SERVER: [credentials hidden]
2024-06-12 19:20:59	SERVER -> CLIENT: 334 UGFzc3dvcmQ6

2024-06-12 19:20:59	CLIENT -> SERVER: [credentials hidden]
2024-06-12 19:21:00	SERVER -> CLIENT: 535-5.7.8 Username and Password not accepted. For more information, go to
535 5.7.8  https://support.google.com/mail/?p=BadCredentials a640c23a62f3a-a6c8072a68asm924233166b.207 - gsmtp

2024-06-12 19:21:00	SMTP ERROR: Password command failed: 535-5.7.8 Username and Password not accepted. For more information, go to
535 5.7.8  https://support.google.com/mail/?p=BadCredentials a640c23a62f3a-a6c8072a68asm924233166b.207 - gsmtp

2024-06-12 19:21:00	SMTP Error: Could not authenticate.
2024-06-12 19:21:00	CLIENT -> SERVER: QUIT

2024-06-12 19:21:00	SERVER -> CLIENT: 221 2.0.0 closing connection a640c23a62f3a-a6c8072a68asm924233166b.207 - gsmtp

2024-06-12 19:21:00	SMTP Error: Could not authenticate.
2024-06-12 21:58:31	SERVER -> CLIENT: 220 smtp.gmail.com ESMTP 4fb4d7f45d1cf-57cb7438856sm37584a12.79 - gsmtp

2024-06-12 21:58:31	CLIENT -> SERVER: EHLO 127.0.0.1

2024-06-12 21:58:31	SERVER -> CLIENT: 250-smtp.gmail.com at your service, [138.199.7.238]
250-SIZE 35882577
250-8BITMIME
250-AUTH LOGIN PLAIN XOAUTH2 PLAIN-CLIENTTOKEN OAUTHBEARER XOAUTH
250-ENHANCEDSTATUSCODES
250-PIPELINING
250-CHUNKING
250 SMTPUTF8

2024-06-12 21:58:31	CLIENT -> SERVER: AUTH LOGIN

2024-06-12 21:58:31	SERVER -> CLIENT: 334 VXNlcm5hbWU6

2024-06-12 21:58:31	CLIENT -> SERVER: [credentials hidden]
2024-06-12 21:58:31	SERVER -> CLIENT: 334 UGFzc3dvcmQ6

2024-06-12 21:58:31	CLIENT -> SERVER: [credentials hidden]
2024-06-12 21:58:31	SERVER -> CLIENT: 535-5.7.8 Username and Password not accepted. For more information, go to
535 5.7.8  https://support.google.com/mail/?p=BadCredentials 4fb4d7f45d1cf-57cb7438856sm37584a12.79 - gsmtp

2024-06-12 21:58:31	SMTP ERROR: Password command failed: 535-5.7.8 Username and Password not accepted. For more information, go to
535 5.7.8  https://support.google.com/mail/?p=BadCredentials 4fb4d7f45d1cf-57cb7438856sm37584a12.79 - gsmtp

2024-06-12 21:58:32	SMTP Error: Could not authenticate.
2024-06-12 21:58:32	CLIENT -> SERVER: QUIT

2024-06-12 21:58:32	SERVER -> CLIENT: 221 2.0.0 closing connection 4fb4d7f45d1cf-57cb7438856sm37584a12.79 - gsmtp

2024-06-12 21:58:32	SMTP Error: Could not authenticate.
2024-06-12 21:58:52	SERVER -> CLIENT: 220 smtp.gmail.com ESMTP a640c23a62f3a-a6f109e375esm572527066b.77 - gsmtp

2024-06-12 21:58:52	CLIENT -> SERVER: EHLO 127.0.0.1

2024-06-12 21:58:52	SERVER -> CLIENT: 250-smtp.gmail.com at your service, [138.199.7.238]
250-SIZE 35882577
250-8BITMIME
250-AUTH LOGIN PLAIN XOAUTH2 PLAIN-CLIENTTOKEN OAUTHBEARER XOAUTH
250-ENHANCEDSTATUSCODES
250-PIPELINING
250-CHUNKING
250 SMTPUTF8

2024-06-12 21:58:52	CLIENT -> SERVER: AUTH LOGIN

2024-06-12 21:58:52	SERVER -> CLIENT: 334 VXNlcm5hbWU6

2024-06-12 21:58:52	CLIENT -> SERVER: [credentials hidden]
2024-06-12 21:58:53	SERVER -> CLIENT: 334 UGFzc3dvcmQ6

2024-06-12 21:58:53	CLIENT -> SERVER: [credentials hidden]
2024-06-12 21:58:53	SERVER -> CLIENT: 535-5.7.8 Username and Password not accepted. For more information, go to
535 5.7.8  https://support.google.com/mail/?p=BadCredentials a640c23a62f3a-a6f109e375esm572527066b.77 - gsmtp

2024-06-12 21:58:53	SMTP ERROR: Password command failed: 535-5.7.8 Username and Password not accepted. For more information, go to
535 5.7.8  https://support.google.com/mail/?p=BadCredentials a640c23a62f3a-a6f109e375esm572527066b.77 - gsmtp

2024-06-12 21:58:53	SMTP Error: Could not authenticate.
2024-06-12 21:58:53	CLIENT -> SERVER: QUIT

2024-06-12 21:58:54	SERVER -> CLIENT: 221 2.0.0 closing connection a640c23a62f3a-a6f109e375esm572527066b.77 - gsmtp

2024-06-12 21:58:54	SMTP Error: Could not authenticate.
2024-06-12 22:41:51	SERVER -> CLIENT: 220 smtp.gmail.com ESMTP 38308e7fff4ca-2ec05c9ad25sm158561fa.132 - gsmtp

2024-06-12 22:41:51	CLIENT -> SERVER: EHLO 127.0.0.1

2024-06-12 22:41:52	SERVER -> CLIENT: 250-smtp.gmail.com at your service, [212.8.252.162]
250-SIZE 35882577
250-8BITMIME
250-AUTH LOGIN PLAIN XOAUTH2 PLAIN-CLIENTTOKEN OAUTHBEARER XOAUTH
250-ENHANCEDSTATUSCODES
250-PIPELINING
250-CHUNKING
250 SMTPUTF8

2024-06-12 22:41:52	CLIENT -> SERVER: AUTH LOGIN

2024-06-12 22:41:52	SERVER -> CLIENT: 334 VXNlcm5hbWU6

2024-06-12 22:41:52	CLIENT -> SERVER: [credentials hidden]
2024-06-12 22:41:52	SERVER -> CLIENT: 334 UGFzc3dvcmQ6

2024-06-12 22:41:52	CLIENT -> SERVER: [credentials hidden]
2024-06-12 22:41:52	SERVER -> CLIENT: 235 2.7.0 Accepted

2024-06-12 22:41:52	CLIENT -> SERVER: MAIL FROM:<khatoonbadrea11@gmail.com>

2024-06-12 22:41:53	SERVER -> CLIENT: 250 2.1.0 OK 38308e7fff4ca-2ec05c9ad25sm158561fa.132 - gsmtp

2024-06-12 22:41:53	CLIENT -> SERVER: RCPT TO:<khatoonbadrea66@gmail.com>

2024-06-12 22:41:53	SERVER -> CLIENT: 250 2.1.5 OK 38308e7fff4ca-2ec05c9ad25sm158561fa.132 - gsmtp

2024-06-12 22:41:53	CLIENT -> SERVER: DATA

2024-06-12 22:41:54	SERVER -> CLIENT: 354  Go ahead 38308e7fff4ca-2ec05c9ad25sm158561fa.132 - gsmtp

2024-06-12 22:41:54	CLIENT -> SERVER: Date: Wed, 12 Jun 2024 22:41:46 +0000

2024-06-12 22:41:54	CLIENT -> SERVER: To: khatoonbadrea66@gmail.com

2024-06-12 22:41:54	CLIENT -> SERVER: From: khatoon badrea <khatoonbadrea11@gmail.com>

2024-06-12 22:41:54	CLIENT -> SERVER: Subject: hhh

2024-06-12 22:41:54	CLIENT -> SERVER: Message-ID: <c7M9rQPMEL9aIAbzN9OL9UyVSVAmkZYkDyUmWc0Cs@127.0.0.1>

2024-06-12 22:41:54	CLIENT -> SERVER: X-Mailer: PHPMailer 6.9.1 (https://github.com/PHPMailer/PHPMailer)

2024-06-12 22:41:54	CLIENT -> SERVER: MIME-Version: 1.0

2024-06-12 22:41:54	CLIENT -> SERVER: Content-Type: text/html; charset=iso-8859-1

2024-06-12 22:41:54	CLIENT -> SERVER: 

2024-06-12 22:41:54	CLIENT -> SERVER: ttt

2024-06-12 22:41:54	CLIENT -> SERVER: 

2024-06-12 22:41:54	CLIENT -> SERVER: .

2024-06-12 22:41:55	SERVER -> CLIENT: 250 2.0.0 OK  1718232150 38308e7fff4ca-2ec05c9ad25sm158561fa.132 - gsmtp

2024-06-12 22:41:55	CLIENT -> SERVER: QUIT

2024-06-12 22:41:55	SERVER -> CLIENT: 221 2.0.0 closing connection 38308e7fff4ca-2ec05c9ad25sm158561fa.132 - gsmtp

2024-06-12 22:51:41	SERVER -> CLIENT: 220 smtp.gmail.com ESMTP 38308e7fff4ca-2ec05c1957dsm186501fa.71 - gsmtp

2024-06-12 22:51:41	CLIENT -> SERVER: EHLO 127.0.0.1

2024-06-12 22:51:42	SERVER -> CLIENT: 250-smtp.gmail.com at your service, [212.8.252.162]
250-SIZE 35882577
250-8BITMIME
250-AUTH LOGIN PLAIN XOAUTH2 PLAIN-CLIENTTOKEN OAUTHBEARER XOAUTH
250-ENHANCEDSTATUSCODES
250-PIPELINING
250-CHUNKING
250 SMTPUTF8

2024-06-12 22:51:42	CLIENT -> SERVER: AUTH LOGIN

2024-06-12 22:51:42	SERVER -> CLIENT: 334 VXNlcm5hbWU6

2024-06-12 22:51:42	CLIENT -> SERVER: [credentials hidden]
2024-06-12 22:51:42	SERVER -> CLIENT: 334 UGFzc3dvcmQ6

2024-06-12 22:51:42	CLIENT -> SERVER: [credentials hidden]
2024-06-12 22:51:42	SERVER -> CLIENT: 235 2.7.0 Accepted

2024-06-12 22:51:42	CLIENT -> SERVER: MAIL FROM:<khatoonbadrea11@gmail.com>

2024-06-12 22:51:43	SERVER -> CLIENT: 250 2.1.0 OK 38308e7fff4ca-2ec05c1957dsm186501fa.71 - gsmtp

2024-06-12 22:51:43	CLIENT -> SERVER: RCPT TO:<khatoonbadrea66@gmail.com>

2024-06-12 22:51:43	SERVER -> CLIENT: 250 2.1.5 OK 38308e7fff4ca-2ec05c1957dsm186501fa.71 - gsmtp

2024-06-12 22:51:43	CLIENT -> SERVER: DATA

2024-06-12 22:51:43	SERVER -> CLIENT: 354  Go ahead 38308e7fff4ca-2ec05c1957dsm186501fa.71 - gsmtp

2024-06-12 22:51:43	CLIENT -> SERVER: Date: Wed, 12 Jun 2024 22:51:40 +0000

2024-06-12 22:51:43	CLIENT -> SERVER: To: khatoonbadrea66@gmail.com

2024-06-12 22:51:43	CLIENT -> SERVER: From: khatoon badrea <khatoonbadrea11@gmail.com>

2024-06-12 22:51:43	CLIENT -> SERVER: Subject: =?iso-8859-1?B?2LrYuti62LrYuti6?=

2024-06-12 22:51:43	CLIENT -> SERVER: Message-ID: <VZQAzBAbldRDSJR3lVC2Jumu1X4ujhY8MRwg28Qn4iU@127.0.0.1>

2024-06-12 22:51:43	CLIENT -> SERVER: X-Mailer: PHPMailer 6.9.1 (https://github.com/PHPMailer/PHPMailer)

2024-06-12 22:51:43	CLIENT -> SERVER: MIME-Version: 1.0

2024-06-12 22:51:44	CLIENT -> SERVER: Content-Type: text/html; charset=iso-8859-1

2024-06-12 22:51:44	CLIENT -> SERVER: Content-Transfer-Encoding: 8bit

2024-06-12 22:51:44	CLIENT -> SERVER: 

2024-06-12 22:51:44	CLIENT -> SERVER: ببببب

2024-06-12 22:51:44	CLIENT -> SERVER: 

2024-06-12 22:51:44	CLIENT -> SERVER: .

2024-06-12 22:51:44	SERVER -> CLIENT: 250 2.0.0 OK  1718232739 38308e7fff4ca-2ec05c1957dsm186501fa.71 - gsmtp

2024-06-12 22:51:44	CLIENT -> SERVER: QUIT

2024-06-12 22:51:45	SERVER -> CLIENT: 221 2.0.0 closing connection 38308e7fff4ca-2ec05c1957dsm186501fa.71 - gsmtp

2024-06-12 22:53:20	SERVER -> CLIENT: 220 smtp.gmail.com ESMTP 2adb3069b0e04-52ca2888433sm10485e87.268 - gsmtp

2024-06-12 22:53:20	CLIENT -> SERVER: EHLO 127.0.0.1

2024-06-12 22:53:20	SERVER -> CLIENT: 250-smtp.gmail.com at your service, [212.8.252.162]
250-SIZE 35882577
250-8BITMIME
250-AUTH LOGIN PLAIN XOAUTH2 PLAIN-CLIENTTOKEN OAUTHBEARER XOAUTH
250-ENHANCEDSTATUSCODES
250-PIPELINING
250-CHUNKING
250 SMTPUTF8

2024-06-12 22:53:20	CLIENT -> SERVER: AUTH LOGIN

2024-06-12 22:53:20	SERVER -> CLIENT: 334 VXNlcm5hbWU6

2024-06-12 22:53:20	CLIENT -> SERVER: [credentials hidden]
2024-06-12 22:53:21	SERVER -> CLIENT: 334 UGFzc3dvcmQ6

2024-06-12 22:53:21	CLIENT -> SERVER: [credentials hidden]
2024-06-12 22:53:21	SERVER -> CLIENT: 235 2.7.0 Accepted

2024-06-12 22:53:21	CLIENT -> SERVER: MAIL FROM:<khatoonbadrea11@gmail.com>

2024-06-12 22:53:21	SERVER -> CLIENT: 250 2.1.0 OK 2adb3069b0e04-52ca2888433sm10485e87.268 - gsmtp

2024-06-12 22:53:21	CLIENT -> SERVER: RCPT TO:<khatoonbadrea66@gmail.com>

2024-06-12 22:53:21	SERVER -> CLIENT: 250 2.1.5 OK 2adb3069b0e04-52ca2888433sm10485e87.268 - gsmtp

2024-06-12 22:53:21	CLIENT -> SERVER: DATA

2024-06-12 22:53:22	SERVER -> CLIENT: 354  Go ahead 2adb3069b0e04-52ca2888433sm10485e87.268 - gsmtp

2024-06-12 22:53:22	CLIENT -> SERVER: Date: Wed, 12 Jun 2024 22:53:19 +0000

2024-06-12 22:53:22	CLIENT -> SERVER: To: khatoonbadrea66@gmail.com

2024-06-12 22:53:22	CLIENT -> SERVER: From: khatoon badrea <khatoonbadrea11@gmail.com>

2024-06-12 22:53:22	CLIENT -> SERVER: Subject: =?iso-8859-1?B?2KfYp9in2KfYp9in2Kc=?=

2024-06-12 22:53:22	CLIENT -> SERVER: Message-ID: <vSkwDyRBJDJIl43IYdpseJ1hAv2TZi4JAE2bTo94@127.0.0.1>

2024-06-12 22:53:22	CLIENT -> SERVER: X-Mailer: PHPMailer 6.9.1 (https://github.com/PHPMailer/PHPMailer)

2024-06-12 22:53:22	CLIENT -> SERVER: MIME-Version: 1.0

2024-06-12 22:53:22	CLIENT -> SERVER: Content-Type: text/html; charset=iso-8859-1

2024-06-12 22:53:22	CLIENT -> SERVER: Content-Transfer-Encoding: 8bit

2024-06-12 22:53:22	CLIENT -> SERVER: 

2024-06-12 22:53:22	CLIENT -> SERVER: قققققق

2024-06-12 22:53:22	CLIENT -> SERVER: 

2024-06-12 22:53:22	CLIENT -> SERVER: .

2024-06-12 22:53:23	SERVER -> CLIENT: 250 2.0.0 OK  1718232838 2adb3069b0e04-52ca2888433sm10485e87.268 - gsmtp

2024-06-12 22:53:23	CLIENT -> SERVER: QUIT

2024-06-12 22:53:23	SERVER -> CLIENT: 221 2.0.0 closing connection 2adb3069b0e04-52ca2888433sm10485e87.268 - gsmtp

2024-06-12 22:54:50	SERVER -> CLIENT: 220 smtp.gmail.com ESMTP 38308e7fff4ca-2ec05bf41a1sm192811fa.1 - gsmtp

2024-06-12 22:54:50	CLIENT -> SERVER: EHLO 127.0.0.1

2024-06-12 22:54:50	SERVER -> CLIENT: 250-smtp.gmail.com at your service, [212.8.252.162]
250-SIZE 35882577
250-8BITMIME
250-AUTH LOGIN PLAIN XOAUTH2 PLAIN-CLIENTTOKEN OAUTHBEARER XOAUTH
250-ENHANCEDSTATUSCODES
250-PIPELINING
250-CHUNKING
250 SMTPUTF8

2024-06-12 22:54:50	CLIENT -> SERVER: AUTH LOGIN

2024-06-12 22:54:51	SERVER -> CLIENT: 334 VXNlcm5hbWU6

2024-06-12 22:54:51	CLIENT -> SERVER: [credentials hidden]
2024-06-12 22:54:51	SERVER -> CLIENT: 334 UGFzc3dvcmQ6

2024-06-12 22:54:51	CLIENT -> SERVER: [credentials hidden]
2024-06-12 22:54:51	SERVER -> CLIENT: 235 2.7.0 Accepted

2024-06-12 22:54:51	CLIENT -> SERVER: MAIL FROM:<khatoonbadrea11@gmail.com>

2024-06-12 22:54:51	SERVER -> CLIENT: 250 2.1.0 OK 38308e7fff4ca-2ec05bf41a1sm192811fa.1 - gsmtp

2024-06-12 22:54:51	CLIENT -> SERVER: RCPT TO:<khatoonbadrea66@gmail.com>

2024-06-12 22:54:52	SERVER -> CLIENT: 250 2.1.5 OK 38308e7fff4ca-2ec05bf41a1sm192811fa.1 - gsmtp

2024-06-12 22:54:52	CLIENT -> SERVER: DATA

2024-06-12 22:54:52	SERVER -> CLIENT: 354  Go ahead 38308e7fff4ca-2ec05bf41a1sm192811fa.1 - gsmtp

2024-06-12 22:54:52	CLIENT -> SERVER: Date: Wed, 12 Jun 2024 22:54:49 +0000

2024-06-12 22:54:52	CLIENT -> SERVER: To: khatoonbadrea66@gmail.com

2024-06-12 22:54:52	CLIENT -> SERVER: From: khatoon badrea <khatoonbadrea11@gmail.com>

2024-06-12 22:54:52	CLIENT -> SERVER: Subject: test

2024-06-12 22:54:52	CLIENT -> SERVER: Message-ID: <eKCvIJxV21OQZU1tlwsFt40K1jKxEy8syaMfJFbNq8@127.0.0.1>

2024-06-12 22:54:52	CLIENT -> SERVER: X-Mailer: PHPMailer 6.9.1 (https://github.com/PHPMailer/PHPMailer)

2024-06-12 22:54:52	CLIENT -> SERVER: MIME-Version: 1.0

2024-06-12 22:54:52	CLIENT -> SERVER: Content-Type: text/html; charset=iso-8859-1

2024-06-12 22:54:52	CLIENT -> SERVER: 

2024-06-12 22:54:53	CLIENT -> SERVER: jjfkfhjhhgh

2024-06-12 22:54:53	CLIENT -> SERVER: 

2024-06-12 22:54:53	CLIENT -> SERVER: .

2024-06-12 22:54:53	SERVER -> CLIENT: 250 2.0.0 OK  1718232928 38308e7fff4ca-2ec05bf41a1sm192811fa.1 - gsmtp

2024-06-12 22:54:53	CLIENT -> SERVER: QUIT

2024-06-12 22:54:54	SERVER -> CLIENT: 221 2.0.0 closing connection 38308e7fff4ca-2ec05bf41a1sm192811fa.1 - gsmtp

2024-06-12 22:56:38	SERVER -> CLIENT: 220 smtp.gmail.com ESMTP 2adb3069b0e04-52ca2887deesm11170e87.252 - gsmtp

2024-06-12 22:56:38	CLIENT -> SERVER: EHLO 127.0.0.1

2024-06-12 22:56:38	SERVER -> CLIENT: 250-smtp.gmail.com at your service, [212.8.252.162]
250-SIZE 35882577
250-8BITMIME
250-AUTH LOGIN PLAIN XOAUTH2 PLAIN-CLIENTTOKEN OAUTHBEARER XOAUTH
250-ENHANCEDSTATUSCODES
250-PIPELINING
250-CHUNKING
250 SMTPUTF8

2024-06-12 22:56:38	CLIENT -> SERVER: AUTH LOGIN

2024-06-12 22:56:38	SERVER -> CLIENT: 334 VXNlcm5hbWU6

2024-06-12 22:56:38	CLIENT -> SERVER: [credentials hidden]
2024-06-12 22:56:38	SERVER -> CLIENT: 334 UGFzc3dvcmQ6

2024-06-12 22:56:38	CLIENT -> SERVER: [credentials hidden]
2024-06-12 22:56:39	SERVER -> CLIENT: 235 2.7.0 Accepted

2024-06-12 22:56:39	CLIENT -> SERVER: MAIL FROM:<admin@gmail.com>

2024-06-12 22:56:39	SERVER -> CLIENT: 250 2.1.0 OK 2adb3069b0e04-52ca2887deesm11170e87.252 - gsmtp

2024-06-12 22:56:39	CLIENT -> SERVER: RCPT TO:<khatoonbadrea66@gmail.com>

2024-06-12 22:56:39	SERVER -> CLIENT: 250 2.1.5 OK 2adb3069b0e04-52ca2887deesm11170e87.252 - gsmtp

2024-06-12 22:56:39	CLIENT -> SERVER: DATA

2024-06-12 22:56:40	SERVER -> CLIENT: 354  Go ahead 2adb3069b0e04-52ca2887deesm11170e87.252 - gsmtp

2024-06-12 22:56:40	CLIENT -> SERVER: Date: Wed, 12 Jun 2024 22:56:36 +0000

2024-06-12 22:56:40	CLIENT -> SERVER: To: khatoonbadrea66@gmail.com

2024-06-12 22:56:40	CLIENT -> SERVER: From: admin <admin@gmail.com>

2024-06-12 22:56:40	CLIENT -> SERVER: Subject: test

2024-06-12 22:56:40	CLIENT -> SERVER: Message-ID: <X2IumfgMKKqpdrZXQIrmrkfprw3g9GzCT7ZjDlJUI@127.0.0.1>

2024-06-12 22:56:40	CLIENT -> SERVER: X-Mailer: PHPMailer 6.9.1 (https://github.com/PHPMailer/PHPMailer)

2024-06-12 22:56:40	CLIENT -> SERVER: MIME-Version: 1.0

2024-06-12 22:56:40	CLIENT -> SERVER: Content-Type: text/html; charset=iso-8859-1

2024-06-12 22:56:40	CLIENT -> SERVER: 

2024-06-12 22:56:40	CLIENT -> SERVER: jjfkfhjhhgh

2024-06-12 22:56:40	CLIENT -> SERVER: 

2024-06-12 22:56:40	CLIENT -> SERVER: .

2024-06-12 22:56:41	SERVER -> CLIENT: 250 2.0.0 OK  1718233035 2adb3069b0e04-52ca2887deesm11170e87.252 - gsmtp

2024-06-12 22:56:41	CLIENT -> SERVER: QUIT

2024-06-12 22:56:41	SERVER -> CLIENT: 221 2.0.0 closing connection 2adb3069b0e04-52ca2887deesm11170e87.252 - gsmtp

2024-06-12 22:58:02	SERVER -> CLIENT: 220 smtp.gmail.com ESMTP 2adb3069b0e04-52ca2825970sm13450e87.16 - gsmtp

2024-06-12 22:58:02	CLIENT -> SERVER: EHLO 127.0.0.1

2024-06-12 22:58:02	SERVER -> CLIENT: 250-smtp.gmail.com at your service, [212.8.252.162]
250-SIZE 35882577
250-8BITMIME
250-AUTH LOGIN PLAIN XOAUTH2 PLAIN-CLIENTTOKEN OAUTHBEARER XOAUTH
250-ENHANCEDSTATUSCODES
250-PIPELINING
250-CHUNKING
250 SMTPUTF8

2024-06-12 22:58:02	CLIENT -> SERVER: AUTH LOGIN

2024-06-12 22:58:02	SERVER -> CLIENT: 334 VXNlcm5hbWU6

2024-06-12 22:58:02	CLIENT -> SERVER: [credentials hidden]
2024-06-12 22:58:02	SERVER -> CLIENT: 334 UGFzc3dvcmQ6

2024-06-12 22:58:02	CLIENT -> SERVER: [credentials hidden]
2024-06-12 22:58:03	SERVER -> CLIENT: 535-5.7.8 Username and Password not accepted. For more information, go to
535 5.7.8  https://support.google.com/mail/?p=BadCredentials 2adb3069b0e04-52ca2825970sm13450e87.16 - gsmtp

2024-06-12 22:58:03	SMTP ERROR: Password command failed: 535-5.7.8 Username and Password not accepted. For more information, go to
535 5.7.8  https://support.google.com/mail/?p=BadCredentials 2adb3069b0e04-52ca2825970sm13450e87.16 - gsmtp

2024-06-12 22:58:03	SMTP Error: Could not authenticate.
2024-06-12 22:58:03	CLIENT -> SERVER: QUIT

2024-06-12 22:58:03	SERVER -> CLIENT: 221 2.0.0 closing connection 2adb3069b0e04-52ca2825970sm13450e87.16 - gsmtp

2024-06-12 22:58:03	SMTP Error: Could not authenticate.
2024-06-12 22:59:34	SERVER -> CLIENT: 220 smtp.gmail.com ESMTP 2adb3069b0e04-52ca282f537sm13049e87.119 - gsmtp

2024-06-12 22:59:34	CLIENT -> SERVER: EHLO 127.0.0.1

2024-06-12 22:59:35	SERVER -> CLIENT: 250-smtp.gmail.com at your service, [212.8.252.162]
250-SIZE 35882577
250-8BITMIME
250-AUTH LOGIN PLAIN XOAUTH2 PLAIN-CLIENTTOKEN OAUTHBEARER XOAUTH
250-ENHANCEDSTATUSCODES
250-PIPELINING
250-CHUNKING
250 SMTPUTF8

2024-06-12 22:59:35	CLIENT -> SERVER: AUTH LOGIN

2024-06-12 22:59:35	SERVER -> CLIENT: 334 VXNlcm5hbWU6

2024-06-12 22:59:35	CLIENT -> SERVER: [credentials hidden]
2024-06-12 22:59:35	SERVER -> CLIENT: 334 UGFzc3dvcmQ6

2024-06-12 22:59:35	CLIENT -> SERVER: [credentials hidden]
2024-06-12 22:59:36	SERVER -> CLIENT: 535-5.7.8 Username and Password not accepted. For more information, go to
535 5.7.8  https://support.google.com/mail/?p=BadCredentials 2adb3069b0e04-52ca282f537sm13049e87.119 - gsmtp

2024-06-12 22:59:36	SMTP ERROR: Password command failed: 535-5.7.8 Username and Password not accepted. For more information, go to
535 5.7.8  https://support.google.com/mail/?p=BadCredentials 2adb3069b0e04-52ca282f537sm13049e87.119 - gsmtp

2024-06-12 22:59:36	SMTP Error: Could not authenticate.
2024-06-12 22:59:36	CLIENT -> SERVER: QUIT

2024-06-12 22:59:36	SERVER -> CLIENT: 221 2.0.0 closing connection 2adb3069b0e04-52ca282f537sm13049e87.119 - gsmtp

2024-06-12 22:59:36	SMTP Error: Could not authenticate.
