2024-06-12 18:27:00	SERVER -> CLIENT: 220 smtp.gmail.com ESMTP a640c23a62f3a-a6c8058c485sm920542166b.38 - gsmtp

2024-06-12 18:27:00	CLIENT -> SERVER: EHLO 127.0.0.1

2024-06-12 18:27:00	SERVER -> CLIENT: 250-smtp.gmail.com at your service, [185.177.124.214]
250-SIZE 35882577
250-8BITMIME
250-AUTH LOGIN PLAIN XOAUTH2 PLAIN-CLIENTTOKEN OAUTHBEARER XOAUTH
250-ENHANCEDSTATUSCODES
250-PIPELINING
250-CHUNKING
250 SMTPUTF8

2024-06-12 18:27:00	CLIENT -> SERVER: AUTH LOGIN

2024-06-12 18:27:00	SERVER -> CLIENT: 334 VXNlcm5hbWU6

2024-06-12 18:27:00	CLIENT -> SERVER: [credentials hidden]
2024-06-12 18:27:00	SERVER -> CLIENT: 334 UGFzc3dvcmQ6

2024-06-12 18:27:00	CLIENT -> SERVER: [credentials hidden]
2024-06-12 18:27:00	SERVER -> CLIENT: 535-5.7.8 Username and Password not accepted. For more information, go to
535 5.7.8  https://support.google.com/mail/?p=BadCredentials a640c23a62f3a-a6c8058c485sm920542166b.38 - gsmtp

2024-06-12 18:27:01	SMTP ERROR: Password command failed: 535-5.7.8 Username and Password not accepted. For more information, go to
535 5.7.8  https://support.google.com/mail/?p=BadCredentials a640c23a62f3a-a6c8058c485sm920542166b.38 - gsmtp

2024-06-12 18:27:01	SMTP Error: Could not authenticate.
2024-06-12 18:27:01	CLIENT -> SERVER: QUIT

2024-06-12 18:27:01	SERVER -> CLIENT: 221 2.0.0 closing connection a640c23a62f3a-a6c8058c485sm920542166b.38 - gsmtp

2024-06-12 18:27:01	SMTP Error: Could not authenticate.
